<?xml version="1.0" encoding="utf-8"?><testsuites name="pytest tests"><testsuite name="pytest" errors="0" failures="0" skipped="0" tests="177" time="3.004" timestamp="2025-12-01T19:19:41.748441+01:00" hostname="rjili"><testcase classname="oc1.tests.task1_tests.test_hill_climb.TestInitializeHyperplane" name="test_zeros_initialization" time="0.001" /><testcase classname="oc1.tests.task1_tests.test_hill_climb.TestInitializeHyperplane" name="test_random_initialization" time="0.001" /><testcase classname="oc1.tests.task1_tests.test_hill_climb.TestInitializeHyperplane" name="test_random_reproducibility" time="0.044" /><testcase classname="oc1.tests.task1_tests.test_hill_climb.TestInitializeHyperplane" name="test_axis_parallel_initialization" time="0.006" /><testcase classname="oc1.tests.task1_tests.test_hill_climb.TestInitializeHyperplane" name="test_invalid_method" time="0.000" /><testcase classname="oc1.tests.task1_tests.test_hill_climb.TestInitializeHyperplane" name="test_3d_initialization" time="0.001" /><testcase classname="oc1.tests.task1_tests.test_hill_climb.TestComputeUValues" name="test_basic_u_computation" time="0.000" /><testcase classname="oc1.tests.task1_tests.test_hill_climb.TestComputeUValues" name="test_u_with_zero_feature" time="0.000" /><testcase classname="oc1.tests.task1_tests.test_hill_climb.TestComputeUValues" name="test_u_for_bias_term" time="0.000" /><testcase classname="oc1.tests.task1_tests.test_hill_climb.TestComputeUValues" name="test_u_invalid_coefficient_index" time="0.000" /><testcase classname="oc1.tests.task1_tests.test_hill_climb.TestPerturbCoefficient" name="test_perturb_improves_split" time="0.001" /><testcase classname="oc1.tests.task1_tests.test_hill_climb.TestPerturbCoefficient" name="test_perturb_returns_same_if_no_improvement" time="0.001" /><testcase classname="oc1.tests.task1_tests.test_hill_climb.TestPerturbCoefficient" name="test_perturb_with_mm_measure" time="0.001" /><testcase classname="oc1.tests.task1_tests.test_hill_climb.TestHillClimb" name="test_hill_climb_converges" time="0.001" /><testcase classname="oc1.tests.task1_tests.test_hill_climb.TestHillClimb" name="test_hill_climb_perfect_split" time="0.001" /><testcase classname="oc1.tests.task1_tests.test_hill_climb.TestHillClimb" name="test_hill_climb_with_initial_hyperplane" time="0.001" /><testcase classname="oc1.tests.task1_tests.test_hill_climb.TestHillClimb" name="test_hill_climb_empty_data_error" time="0.000" /><testcase classname="oc1.tests.task1_tests.test_hill_climb.TestHillClimb" name="test_hill_climb_dimension_mismatch" time="0.000" /><testcase classname="oc1.tests.task1_tests.test_hill_climb.TestHillClimb" name="test_hill_climb_stops_at_local_minimum" time="0.001" /><testcase classname="oc1.tests.task1_tests.test_hill_climb.TestHillClimb" name="test_hill_climb_with_tolerance" time="0.001" /><testcase classname="oc1.tests.task1_tests.test_hill_climb.TestFindBestHyperplane" name="test_find_best_deterministic" time="0.001" /><testcase classname="oc1.tests.task1_tests.test_hill_climb.TestFindBestHyperplane" name="test_find_best_with_restarts" time="0.002" /><testcase classname="oc1.tests.task1_tests.test_hill_climb.TestFindBestHyperplane" name="test_find_best_reproducibility" time="0.003" /><testcase classname="oc1.tests.task1_tests.test_hill_climb.TestNormalizeHyperplane" name="test_normalize_unit_length" time="0.000" /><testcase classname="oc1.tests.task1_tests.test_hill_climb.TestNormalizeHyperplane" name="test_normalize_preserves_direction" time="0.000" /><testcase classname="oc1.tests.task1_tests.test_hill_climb.TestNormalizeHyperplane" name="test_normalize_zero_features" time="0.000" /><testcase classname="oc1.tests.task1_tests.test_hill_climb.TestEdgeCases" name="test_single_sample" time="0.000" /><testcase classname="oc1.tests.task1_tests.test_hill_climb.TestEdgeCases" name="test_all_same_class" time="0.001" /><testcase classname="oc1.tests.task1_tests.test_hill_climb.TestEdgeCases" name="test_identical_features" time="0.000" /><testcase classname="oc1.tests.task1_tests.test_hill_climb.TestEdgeCases" name="test_two_samples_different_classes" time="0.001" /><testcase classname="oc1.tests.task1_tests.test_integration.TestPaperFidelity" name="test_hyperplane_partition_rule" time="0.000" /><testcase classname="oc1.tests.task1_tests.test_integration.TestPaperFidelity" name="test_sum_minority_formula" time="0.000" /><testcase classname="oc1.tests.task1_tests.test_integration.TestPaperFidelity" name="test_max_minority_formula" time="0.000" /><testcase classname="oc1.tests.task1_tests.test_integration.TestPaperFidelity" name="test_equation_1_u_values" time="0.000" /><testcase classname="oc1.tests.task1_tests.test_integration.TestPaperFidelity" name="test_hill_climb_sequential_perturbation" time="0.001" /><testcase classname="oc1.tests.task1_tests.test_integration.TestPaperFidelity" name="test_pure_node_has_zero_impurity" time="0.000" /><testcase classname="oc1.tests.task1_tests.test_integration.TestPaperFidelity" name="test_multiclass_minority_calculation" time="0.000" /><testcase classname="oc1.tests.task1_tests.test_integration.TestFullPipeline" name="test_fit_predict_pipeline" time="0.027" /><testcase classname="oc1.tests.task1_tests.test_integration.TestFullPipeline" name="test_tree_structure_valid" time="0.014" /><testcase classname="oc1.tests.task1_tests.test_integration.TestFullPipeline" name="test_hyperplane_dimensions" time="0.014" /><testcase classname="oc1.tests.task1_tests.test_integration.TestAllDatasets" name="test_all_datasets_run" time="0.564" /><testcase classname="oc1.tests.task1_tests.test_integration.TestAllDatasets" name="test_3d_dataset" time="0.117" /><testcase classname="oc1.tests.task1_tests.test_integration.TestEdgeCases" name="test_single_sample_per_class" time="0.001" /><testcase classname="oc1.tests.task1_tests.test_integration.TestEdgeCases" name="test_highly_imbalanced_classes" time="0.060" /><testcase classname="oc1.tests.task1_tests.test_integration.TestEdgeCases" name="test_many_features" time="0.231" /><testcase classname="oc1.tests.task1_tests.test_integration.TestEdgeCases" name="test_degenerate_all_same_features" time="0.001" /><testcase classname="oc1.tests.task1_tests.test_integration.TestCompatibilityForFutureTasks" name="test_n_restarts_parameter" time="0.019" /><testcase classname="oc1.tests.task1_tests.test_integration.TestCompatibilityForFutureTasks" name="test_impurity_threshold_parameter" time="0.014" /><testcase classname="oc1.tests.task1_tests.test_integration.TestCompatibilityForFutureTasks" name="test_node_impurity_stored" time="0.014" /><testcase classname="oc1.tests.task1_tests.test_integration.TestCompatibilityForFutureTasks" name="test_class_distribution_stored" time="0.014" /><testcase classname="oc1.tests.task1_tests.test_integration.TestCompatibilityForFutureTasks" name="test_find_best_hyperplane_accessible" time="0.007" /><testcase classname="oc1.tests.task1_tests.test_integration.TestNumericalStability" name="test_small_values" time="0.002" /><testcase classname="oc1.tests.task1_tests.test_integration.TestNumericalStability" name="test_large_values" time="0.002" /><testcase classname="oc1.tests.task1_tests.test_integration.TestNumericalStability" name="test_mixed_scale_features" time="0.001" /><testcase classname="oc1.tests.task1_tests.test_node.TestObliqueTreeNodeInit" name="test_default_initialization" time="0.000" /><testcase classname="oc1.tests.task1_tests.test_node.TestObliqueTreeNodeInit" name="test_initialization_with_hyperplane" time="0.000" /><testcase classname="oc1.tests.task1_tests.test_node.TestObliqueTreeNodeInit" name="test_initialization_with_class_distribution" time="0.000" /><testcase classname="oc1.tests.task1_tests.test_node.TestObliqueTreeNodeInit" name="test_leaf_node_initialization" time="0.000" /><testcase classname="oc1.tests.task1_tests.test_node.TestHyperplaneEvaluation" name="test_evaluate_simple_hyperplane" time="0.000" /><testcase classname="oc1.tests.task1_tests.test_node.TestHyperplaneEvaluation" name="test_evaluate_with_bias" time="0.000" /><testcase classname="oc1.tests.task1_tests.test_node.TestHyperplaneEvaluation" name="test_evaluate_single_sample" time="0.000" /><testcase classname="oc1.tests.task1_tests.test_node.TestHyperplaneEvaluation" name="test_evaluate_leaf_raises_error" time="0.000" /><testcase classname="oc1.tests.task1_tests.test_node.TestHyperplaneEvaluation" name="test_evaluate_dimension_mismatch" time="0.000" /><testcase classname="oc1.tests.task1_tests.test_node.TestPrediction" name="test_predict_single_leaf" time="0.000" /><testcase classname="oc1.tests.task1_tests.test_node.TestPrediction" name="test_predict_single_with_children" time="0.000" /><testcase classname="oc1.tests.task1_tests.test_node.TestPrediction" name="test_predict_deep_tree" time="0.000" /><testcase classname="oc1.tests.task1_tests.test_node.TestClassDistribution" name="test_get_majority_class" time="0.000" /><testcase classname="oc1.tests.task1_tests.test_node.TestClassDistribution" name="test_get_majority_class_empty" time="0.000" /><testcase classname="oc1.tests.task1_tests.test_node.TestClassDistribution" name="test_get_minority_count" time="0.000" /><testcase classname="oc1.tests.task1_tests.test_node.TestClassDistribution" name="test_get_minority_count_pure" time="0.000" /><testcase classname="oc1.tests.task1_tests.test_node.TestClassDistribution" name="test_get_minority_count_empty" time="0.000" /><testcase classname="oc1.tests.task1_tests.test_node.TestClassDistribution" name="test_is_pure_single_class" time="0.000" /><testcase classname="oc1.tests.task1_tests.test_node.TestClassDistribution" name="test_is_pure_multiple_classes" time="0.000" /><testcase classname="oc1.tests.task1_tests.test_node.TestClassDistribution" name="test_is_pure_empty" time="0.000" /><testcase classname="oc1.tests.task1_tests.test_node.TestNodeCopy" name="test_copy_creates_independent_node" time="0.000" /><testcase classname="oc1.tests.task1_tests.test_node.TestTreeStatistics" name="test_get_tree_depth_leaf" time="0.000" /><testcase classname="oc1.tests.task1_tests.test_node.TestTreeStatistics" name="test_get_tree_depth_balanced" time="0.000" /><testcase classname="oc1.tests.task1_tests.test_node.TestTreeStatistics" name="test_get_tree_depth_unbalanced" time="0.000" /><testcase classname="oc1.tests.task1_tests.test_node.TestTreeStatistics" name="test_count_nodes" time="0.000" /><testcase classname="oc1.tests.task1_tests.test_node.TestTreeStatistics" name="test_count_leaves" time="0.000" /><testcase classname="oc1.tests.task1_tests.test_node.TestNodeRepr" name="test_repr_leaf" time="0.000" /><testcase classname="oc1.tests.task1_tests.test_node.TestNodeRepr" name="test_repr_internal_node" time="0.000" /><testcase classname="oc1.tests.task1_tests.test_splits.TestEvaluateHyperplane" name="test_simple_hyperplane" time="0.000" /><testcase classname="oc1.tests.task1_tests.test_splits.TestEvaluateHyperplane" name="test_axis_parallel_x" time="0.000" /><testcase classname="oc1.tests.task1_tests.test_splits.TestEvaluateHyperplane" name="test_3d_hyperplane" time="0.000" /><testcase classname="oc1.tests.task1_tests.test_splits.TestEvaluateHyperplane" name="test_dimension_mismatch" time="0.000" /><testcase classname="oc1.tests.task1_tests.test_splits.TestPartitionData" name="test_simple_partition" time="0.000" /><testcase classname="oc1.tests.task1_tests.test_splits.TestPartitionData" name="test_partition_tie_goes_right" time="0.000" /><testcase classname="oc1.tests.task1_tests.test_splits.TestPartitionData" name="test_all_left" time="0.000" /><testcase classname="oc1.tests.task1_tests.test_splits.TestPartitionData" name="test_all_right" time="0.000" /><testcase classname="oc1.tests.task1_tests.test_splits.TestPartitionData" name="test_oblique_partition" time="0.000" /><testcase classname="oc1.tests.task1_tests.test_splits.TestComputeClassCounts" name="test_simple_counts" time="0.000" /><testcase classname="oc1.tests.task1_tests.test_splits.TestComputeClassCounts" name="test_single_class" time="0.000" /><testcase classname="oc1.tests.task1_tests.test_splits.TestComputeClassCounts" name="test_empty_array" time="0.000" /><testcase classname="oc1.tests.task1_tests.test_splits.TestComputeClassCounts" name="test_string_classes" time="0.000" /><testcase classname="oc1.tests.task1_tests.test_splits.TestComputeMinority" name="test_basic_minority" time="0.000" /><testcase classname="oc1.tests.task1_tests.test_splits.TestComputeMinority" name="test_two_classes" time="0.000" /><testcase classname="oc1.tests.task1_tests.test_splits.TestComputeMinority" name="test_pure_node" time="0.000" /><testcase classname="oc1.tests.task1_tests.test_splits.TestComputeMinority" name="test_empty_counts" time="0.000" /><testcase classname="oc1.tests.task1_tests.test_splits.TestComputeMinority" name="test_equal_counts" time="0.000" /><testcase classname="oc1.tests.task1_tests.test_splits.TestCalculateImpurity" name="test_perfect_split" time="0.000" /><testcase classname="oc1.tests.task1_tests.test_splits.TestCalculateImpurity" name="test_imperfect_split" time="0.000" /><testcase classname="oc1.tests.task1_tests.test_splits.TestCalculateImpurity" name="test_one_sided_split" time="0.000" /><testcase classname="oc1.tests.task1_tests.test_splits.TestCalculateImpurity" name="test_multiclass_impurity" time="0.000" /><testcase classname="oc1.tests.task1_tests.test_splits.TestCalculateImpurity" name="test_impurity_from_partition" time="0.000" /><testcase classname="oc1.tests.task1_tests.test_splits.TestEvaluateSplit" name="test_evaluate_with_sm" time="0.000" /><testcase classname="oc1.tests.task1_tests.test_splits.TestEvaluateSplit" name="test_evaluate_with_mm" time="0.000" /><testcase classname="oc1.tests.task1_tests.test_splits.TestEvaluateSplit" name="test_invalid_impurity_measure" time="0.000" /><testcase classname="oc1.tests.task1_tests.test_splits.TestFindBestThreshold" name="test_simple_threshold" time="0.000" /><testcase classname="oc1.tests.task1_tests.test_splits.TestFindBestThreshold" name="test_threshold_with_noise" time="0.000" /><testcase classname="oc1.tests.task1_tests.test_splits.TestFindBestThreshold" name="test_single_value" time="0.000" /><testcase classname="oc1.tests.task1_tests.test_splits.TestFindBestThreshold" name="test_all_same_values" time="0.000" /><testcase classname="oc1.tests.task1_tests.test_splits.TestFindBestThreshold" name="test_multiclass_threshold" time="0.000" /><testcase classname="oc1.tests.task1_tests.test_splits.TestIsPure" name="test_pure_single_class" time="0.000" /><testcase classname="oc1.tests.task1_tests.test_splits.TestIsPure" name="test_not_pure" time="0.000" /><testcase classname="oc1.tests.task1_tests.test_splits.TestIsPure" name="test_empty_is_pure" time="0.000" /><testcase classname="oc1.tests.task1_tests.test_splits.TestGetMajorityClass" name="test_clear_majority" time="0.000" /><testcase classname="oc1.tests.task1_tests.test_splits.TestGetMajorityClass" name="test_tie_returns_first" time="0.000" /><testcase classname="oc1.tests.task1_tests.test_splits.TestGetMajorityClass" name="test_empty_returns_none" time="0.000" /><testcase classname="oc1.tests.task1_tests.test_task_compatibility.TestTask2RandomizationInterfaces" name="test_random_initialization_produces_varied_hyperplanes" time="0.001" /><testcase classname="oc1.tests.task1_tests.test_task_compatibility.TestTask2RandomizationInterfaces" name="test_n_restarts_parameter_available" time="0.038" /><testcase classname="oc1.tests.task1_tests.test_task_compatibility.TestTask2RandomizationInterfaces" name="test_n_restarts_improves_or_maintains_quality" time="0.048" /><testcase classname="oc1.tests.task1_tests.test_task_compatibility.TestTask2RandomizationInterfaces" name="test_perturb_random_direction_interface" time="0.002" /><testcase classname="oc1.tests.task1_tests.test_task_compatibility.TestTask2RandomizationInterfaces" name="test_hill_climb_accepts_perturbation_order" time="0.007" /><testcase classname="oc1.tests.task1_tests.test_task_compatibility.TestTask2RandomizationInterfaces" name="test_hill_climb_accepts_rng" time="0.007" /><testcase classname="oc1.tests.task1_tests.test_task_compatibility.TestTask2RandomizationInterfaces" name="test_find_best_hyperplane_random_perturbation_order" time="0.007" /><testcase classname="oc1.tests.task1_tests.test_task_compatibility.TestTask2RandomizationInterfaces" name="test_normalize_hyperplane_available" time="0.000" /><testcase classname="oc1.tests.task1_tests.test_task_compatibility.TestTask2RandomizationInterfaces" name="test_compute_u_values_available" time="0.000" /><testcase classname="oc1.tests.task1_tests.test_task_compatibility.TestTask3PruningInterfaces" name="test_node_has_parent_reference" time="0.014" /><testcase classname="oc1.tests.task1_tests.test_task_compatibility.TestTask3PruningInterfaces" name="test_deep_parent_references" time="0.049" /><testcase classname="oc1.tests.task1_tests.test_task_compatibility.TestTask3PruningInterfaces" name="test_prune_placeholder_exists" time="0.014" /><testcase classname="oc1.tests.task1_tests.test_task_compatibility.TestTask3PruningInterfaces" name="test_nodes_store_all_metadata" time="0.014" /><testcase classname="oc1.tests.task1_tests.test_task_compatibility.TestTask3PruningInterfaces" name="test_get_all_nodes_available" time="0.014" /><testcase classname="oc1.tests.task1_tests.test_task_compatibility.TestTask3PruningInterfaces" name="test_get_all_nodes_breadth_first_order" time="0.025" /><testcase classname="oc1.tests.task1_tests.test_task_compatibility.TestTask3PruningInterfaces" name="test_impurity_threshold_parameter" time="0.014" /><testcase classname="oc1.tests.task1_tests.test_task_compatibility.TestTask3PruningInterfaces" name="test_stopping_criteria_all_available" time="0.000" /><testcase classname="oc1.tests.task1_tests.test_task_compatibility.TestSplitFunctionsExported" name="test_evaluate_split_exported" time="0.000" /><testcase classname="oc1.tests.task1_tests.test_task_compatibility.TestSplitFunctionsExported" name="test_is_pure_exported" time="0.000" /><testcase classname="oc1.tests.task1_tests.test_task_compatibility.TestSplitFunctionsExported" name="test_get_majority_class_exported" time="0.000" /><testcase classname="oc1.tests.task1_tests.test_task_compatibility.TestAPIStability" name="test_fit_returns_self" time="0.013" /><testcase classname="oc1.tests.task1_tests.test_task_compatibility.TestAPIStability" name="test_all_public_methods_available" time="0.000" /><testcase classname="oc1.tests.task1_tests.test_task_compatibility.TestAPIStability" name="test_tree_stores_training_metadata" time="0.014" /><testcase classname="oc1.tests.task1_tests.test_task_compatibility.TestEdgeCasesForTask2And3" name="test_single_class_data" time="0.000" /><testcase classname="oc1.tests.task1_tests.test_task_compatibility.TestEdgeCasesForTask2And3" name="test_two_samples_different_classes" time="0.001" /><testcase classname="oc1.tests.task1_tests.test_task_compatibility.TestEdgeCasesForTask2And3" name="test_hyperplane_at_all_internal_nodes" time="0.049" /><testcase classname="oc1.tests.task1_tests.test_tree.TestTreeFitting" name="test_basic_fit" time="0.001" /><testcase classname="oc1.tests.task1_tests.test_tree.TestTreeFitting" name="test_fit_sets_classes" time="0.005" /><testcase classname="oc1.tests.task1_tests.test_tree.TestTreeFitting" name="test_fit_empty_data_error" time="0.000" /><testcase classname="oc1.tests.task1_tests.test_tree.TestTreeFitting" name="test_fit_dimension_mismatch_error" time="0.000" /><testcase classname="oc1.tests.task1_tests.test_tree.TestTreePrediction" name="test_basic_predict" time="0.001" /><testcase classname="oc1.tests.task1_tests.test_tree.TestTreePrediction" name="test_predict_before_fit_error" time="0.000" /><testcase classname="oc1.tests.task1_tests.test_tree.TestTreePrediction" name="test_predict_wrong_features_error" time="0.001" /><testcase classname="oc1.tests.task1_tests.test_tree.TestTreePrediction" name="test_predict_single_sample" time="0.001" /><testcase classname="oc1.tests.task1_tests.test_tree.TestTreeScore" name="test_score_linearly_separable" time="0.002" /><testcase classname="oc1.tests.task1_tests.test_tree.TestStoppingCriteria" name="test_stop_at_pure_node" time="0.000" /><testcase classname="oc1.tests.task1_tests.test_tree.TestStoppingCriteria" name="test_max_depth" time="0.026" /><testcase classname="oc1.tests.task1_tests.test_tree.TestStoppingCriteria" name="test_min_samples_leaf" time="0.002" /><testcase classname="oc1.tests.task1_tests.test_tree.TestStoppingCriteria" name="test_min_samples_split" time="0.000" /><testcase classname="oc1.tests.task1_tests.test_tree.TestTreeStructure" name="test_get_depth" time="0.001" /><testcase classname="oc1.tests.task1_tests.test_tree.TestTreeStructure" name="test_get_n_leaves" time="0.014" /><testcase classname="oc1.tests.task1_tests.test_tree.TestTreeStructure" name="test_get_n_nodes" time="0.014" /><testcase classname="oc1.tests.task1_tests.test_tree.TestTreeStructure" name="test_get_hyperplanes" time="0.014" /><testcase classname="oc1.tests.task1_tests.test_tree.TestMultiClassClassification" name="test_three_class" time="0.058" /><testcase classname="oc1.tests.task1_tests.test_tree.TestMultiClassClassification" name="test_five_class" time="0.075" /><testcase classname="oc1.tests.task1_tests.test_tree.TestPredictProba" name="test_predict_proba_shape" time="0.001" /><testcase classname="oc1.tests.task1_tests.test_tree.TestPredictProba" name="test_predict_proba_sums_to_one" time="0.014" /><testcase classname="oc1.tests.task1_tests.test_tree.TestImpurityMeasures" name="test_sum_minority" time="0.014" /><testcase classname="oc1.tests.task1_tests.test_tree.TestImpurityMeasures" name="test_max_minority" time="0.014" /><testcase classname="oc1.tests.task1_tests.test_tree.TestImpurityMeasures" name="test_invalid_impurity_error" time="0.000" /><testcase classname="oc1.tests.task1_tests.test_tree.TestPrintTree" name="test_print_tree" time="0.001" /><testcase classname="oc1.tests.task1_tests.test_tree.TestPrintTree" name="test_print_tree_with_feature_names" time="0.001" /><testcase classname="oc1.tests.task1_tests.test_tree.TestRepr" name="test_repr_unfitted" time="0.000" /><testcase classname="oc1.tests.task1_tests.test_tree.TestRepr" name="test_repr_fitted" time="0.001" /><testcase classname="oc1.tests.task1_tests.test_tree.TestReproducibility" name="test_random_state_reproducibility" time="0.868" /><testcase classname="oc1.tests.task1_tests.test_tree.TestSyntheticDatasets" name="test_diagonal_dataset" time="0.026" /><testcase classname="oc1.tests.task1_tests.test_tree.TestSyntheticDatasets" name="test_oblique_45_degree" time="0.030" /><testcase classname="oc1.tests.task1_tests.test_tree.TestSyntheticDatasets" name="test_xor_dataset" time="0.107" /></testsuite></testsuites>