============================= test session starts =============================
platform win32 -- Python 3.13.9, pytest-9.0.1, pluggy-1.6.0 -- C:\Users\rjili\Projects\Oblique-Classifier-1\.venv\Scripts\python.exe
cachedir: .pytest_cache
rootdir: C:\Users\rjili\Projects\Oblique-Classifier-1
plugins: cov-7.0.0
collecting ... collected 177 items

oc1/tests/task1_tests/test_hill_climb.py::TestInitializeHyperplane::test_zeros_initialization PASSED [  0%]
oc1/tests/task1_tests/test_hill_climb.py::TestInitializeHyperplane::test_random_initialization PASSED [  1%]
oc1/tests/task1_tests/test_hill_climb.py::TestInitializeHyperplane::test_random_reproducibility PASSED [  1%]
oc1/tests/task1_tests/test_hill_climb.py::TestInitializeHyperplane::test_axis_parallel_initialization PASSED [  2%]
oc1/tests/task1_tests/test_hill_climb.py::TestInitializeHyperplane::test_invalid_method PASSED [  2%]
oc1/tests/task1_tests/test_hill_climb.py::TestInitializeHyperplane::test_3d_initialization PASSED [  3%]
oc1/tests/task1_tests/test_hill_climb.py::TestComputeUValues::test_basic_u_computation PASSED [  3%]
oc1/tests/task1_tests/test_hill_climb.py::TestComputeUValues::test_u_with_zero_feature PASSED [  4%]
oc1/tests/task1_tests/test_hill_climb.py::TestComputeUValues::test_u_for_bias_term PASSED [  5%]
oc1/tests/task1_tests/test_hill_climb.py::TestComputeUValues::test_u_invalid_coefficient_index PASSED [  5%]
oc1/tests/task1_tests/test_hill_climb.py::TestPerturbCoefficient::test_perturb_improves_split PASSED [  6%]
oc1/tests/task1_tests/test_hill_climb.py::TestPerturbCoefficient::test_perturb_returns_same_if_no_improvement PASSED [  6%]
oc1/tests/task1_tests/test_hill_climb.py::TestPerturbCoefficient::test_perturb_with_mm_measure PASSED [  7%]
oc1/tests/task1_tests/test_hill_climb.py::TestHillClimb::test_hill_climb_converges PASSED [  7%]
oc1/tests/task1_tests/test_hill_climb.py::TestHillClimb::test_hill_climb_perfect_split PASSED [  8%]
oc1/tests/task1_tests/test_hill_climb.py::TestHillClimb::test_hill_climb_with_initial_hyperplane PASSED [  9%]
oc1/tests/task1_tests/test_hill_climb.py::TestHillClimb::test_hill_climb_empty_data_error PASSED [  9%]
oc1/tests/task1_tests/test_hill_climb.py::TestHillClimb::test_hill_climb_dimension_mismatch PASSED [ 10%]
oc1/tests/task1_tests/test_hill_climb.py::TestHillClimb::test_hill_climb_stops_at_local_minimum PASSED [ 10%]
oc1/tests/task1_tests/test_hill_climb.py::TestHillClimb::test_hill_climb_with_tolerance PASSED [ 11%]
oc1/tests/task1_tests/test_hill_climb.py::TestFindBestHyperplane::test_find_best_deterministic PASSED [ 11%]
oc1/tests/task1_tests/test_hill_climb.py::TestFindBestHyperplane::test_find_best_with_restarts PASSED [ 12%]
oc1/tests/task1_tests/test_hill_climb.py::TestFindBestHyperplane::test_find_best_reproducibility PASSED [ 12%]
oc1/tests/task1_tests/test_hill_climb.py::TestNormalizeHyperplane::test_normalize_unit_length PASSED [ 13%]
oc1/tests/task1_tests/test_hill_climb.py::TestNormalizeHyperplane::test_normalize_preserves_direction PASSED [ 14%]
oc1/tests/task1_tests/test_hill_climb.py::TestNormalizeHyperplane::test_normalize_zero_features PASSED [ 14%]
oc1/tests/task1_tests/test_hill_climb.py::TestEdgeCases::test_single_sample PASSED [ 15%]
oc1/tests/task1_tests/test_hill_climb.py::TestEdgeCases::test_all_same_class PASSED [ 15%]
oc1/tests/task1_tests/test_hill_climb.py::TestEdgeCases::test_identical_features PASSED [ 16%]
oc1/tests/task1_tests/test_hill_climb.py::TestEdgeCases::test_two_samples_different_classes PASSED [ 16%]
oc1/tests/task1_tests/test_integration.py::TestPaperFidelity::test_hyperplane_partition_rule PASSED [ 17%]
oc1/tests/task1_tests/test_integration.py::TestPaperFidelity::test_sum_minority_formula PASSED [ 18%]
oc1/tests/task1_tests/test_integration.py::TestPaperFidelity::test_max_minority_formula PASSED [ 18%]
oc1/tests/task1_tests/test_integration.py::TestPaperFidelity::test_equation_1_u_values PASSED [ 19%]
oc1/tests/task1_tests/test_integration.py::TestPaperFidelity::test_hill_climb_sequential_perturbation PASSED [ 19%]
oc1/tests/task1_tests/test_integration.py::TestPaperFidelity::test_pure_node_has_zero_impurity PASSED [ 20%]
oc1/tests/task1_tests/test_integration.py::TestPaperFidelity::test_multiclass_minority_calculation PASSED [ 20%]
oc1/tests/task1_tests/test_integration.py::TestFullPipeline::test_fit_predict_pipeline PASSED [ 21%]
oc1/tests/task1_tests/test_integration.py::TestFullPipeline::test_tree_structure_valid PASSED [ 22%]
oc1/tests/task1_tests/test_integration.py::TestFullPipeline::test_hyperplane_dimensions PASSED [ 22%]
oc1/tests/task1_tests/test_integration.py::TestAllDatasets::test_all_datasets_run PASSED [ 23%]
oc1/tests/task1_tests/test_integration.py::TestAllDatasets::test_3d_dataset PASSED [ 23%]
oc1/tests/task1_tests/test_integration.py::TestEdgeCases::test_single_sample_per_class PASSED [ 24%]
oc1/tests/task1_tests/test_integration.py::TestEdgeCases::test_highly_imbalanced_classes PASSED [ 24%]
oc1/tests/task1_tests/test_integration.py::TestEdgeCases::test_many_features PASSED [ 25%]
oc1/tests/task1_tests/test_integration.py::TestEdgeCases::test_degenerate_all_same_features PASSED [ 25%]
oc1/tests/task1_tests/test_integration.py::TestCompatibilityForFutureTasks::test_n_restarts_parameter PASSED [ 26%]
oc1/tests/task1_tests/test_integration.py::TestCompatibilityForFutureTasks::test_impurity_threshold_parameter PASSED [ 27%]
oc1/tests/task1_tests/test_integration.py::TestCompatibilityForFutureTasks::test_node_impurity_stored PASSED [ 27%]
oc1/tests/task1_tests/test_integration.py::TestCompatibilityForFutureTasks::test_class_distribution_stored PASSED [ 28%]
oc1/tests/task1_tests/test_integration.py::TestCompatibilityForFutureTasks::test_find_best_hyperplane_accessible PASSED [ 28%]
oc1/tests/task1_tests/test_integration.py::TestNumericalStability::test_small_values PASSED [ 29%]
oc1/tests/task1_tests/test_integration.py::TestNumericalStability::test_large_values PASSED [ 29%]
oc1/tests/task1_tests/test_integration.py::TestNumericalStability::test_mixed_scale_features PASSED [ 30%]
oc1/tests/task1_tests/test_node.py::TestObliqueTreeNodeInit::test_default_initialization PASSED [ 31%]
oc1/tests/task1_tests/test_node.py::TestObliqueTreeNodeInit::test_initialization_with_hyperplane PASSED [ 31%]
oc1/tests/task1_tests/test_node.py::TestObliqueTreeNodeInit::test_initialization_with_class_distribution PASSED [ 32%]
oc1/tests/task1_tests/test_node.py::TestObliqueTreeNodeInit::test_leaf_node_initialization PASSED [ 32%]
oc1/tests/task1_tests/test_node.py::TestHyperplaneEvaluation::test_evaluate_simple_hyperplane PASSED [ 33%]
oc1/tests/task1_tests/test_node.py::TestHyperplaneEvaluation::test_evaluate_with_bias PASSED [ 33%]
oc1/tests/task1_tests/test_node.py::TestHyperplaneEvaluation::test_evaluate_single_sample PASSED [ 34%]
oc1/tests/task1_tests/test_node.py::TestHyperplaneEvaluation::test_evaluate_leaf_raises_error PASSED [ 35%]
oc1/tests/task1_tests/test_node.py::TestHyperplaneEvaluation::test_evaluate_dimension_mismatch PASSED [ 35%]
oc1/tests/task1_tests/test_node.py::TestPrediction::test_predict_single_leaf PASSED [ 36%]
oc1/tests/task1_tests/test_node.py::TestPrediction::test_predict_single_with_children PASSED [ 36%]
oc1/tests/task1_tests/test_node.py::TestPrediction::test_predict_deep_tree PASSED [ 37%]
oc1/tests/task1_tests/test_node.py::TestClassDistribution::test_get_majority_class PASSED [ 37%]
oc1/tests/task1_tests/test_node.py::TestClassDistribution::test_get_majority_class_empty PASSED [ 38%]
oc1/tests/task1_tests/test_node.py::TestClassDistribution::test_get_minority_count PASSED [ 38%]
oc1/tests/task1_tests/test_node.py::TestClassDistribution::test_get_minority_count_pure PASSED [ 39%]
oc1/tests/task1_tests/test_node.py::TestClassDistribution::test_get_minority_count_empty PASSED [ 40%]
oc1/tests/task1_tests/test_node.py::TestClassDistribution::test_is_pure_single_class PASSED [ 40%]
oc1/tests/task1_tests/test_node.py::TestClassDistribution::test_is_pure_multiple_classes PASSED [ 41%]
oc1/tests/task1_tests/test_node.py::TestClassDistribution::test_is_pure_empty PASSED [ 41%]
oc1/tests/task1_tests/test_node.py::TestNodeCopy::test_copy_creates_independent_node PASSED [ 42%]
oc1/tests/task1_tests/test_node.py::TestTreeStatistics::test_get_tree_depth_leaf PASSED [ 42%]
oc1/tests/task1_tests/test_node.py::TestTreeStatistics::test_get_tree_depth_balanced PASSED [ 43%]
oc1/tests/task1_tests/test_node.py::TestTreeStatistics::test_get_tree_depth_unbalanced PASSED [ 44%]
oc1/tests/task1_tests/test_node.py::TestTreeStatistics::test_count_nodes PASSED [ 44%]
oc1/tests/task1_tests/test_node.py::TestTreeStatistics::test_count_leaves PASSED [ 45%]
oc1/tests/task1_tests/test_node.py::TestNodeRepr::test_repr_leaf PASSED  [ 45%]
oc1/tests/task1_tests/test_node.py::TestNodeRepr::test_repr_internal_node PASSED [ 46%]
oc1/tests/task1_tests/test_splits.py::TestEvaluateHyperplane::test_simple_hyperplane PASSED [ 46%]
oc1/tests/task1_tests/test_splits.py::TestEvaluateHyperplane::test_axis_parallel_x PASSED [ 47%]
oc1/tests/task1_tests/test_splits.py::TestEvaluateHyperplane::test_3d_hyperplane PASSED [ 48%]
oc1/tests/task1_tests/test_splits.py::TestEvaluateHyperplane::test_dimension_mismatch PASSED [ 48%]
oc1/tests/task1_tests/test_splits.py::TestPartitionData::test_simple_partition PASSED [ 49%]
oc1/tests/task1_tests/test_splits.py::TestPartitionData::test_partition_tie_goes_right PASSED [ 49%]
oc1/tests/task1_tests/test_splits.py::TestPartitionData::test_all_left PASSED [ 50%]
oc1/tests/task1_tests/test_splits.py::TestPartitionData::test_all_right PASSED [ 50%]
oc1/tests/task1_tests/test_splits.py::TestPartitionData::test_oblique_partition PASSED [ 51%]
oc1/tests/task1_tests/test_splits.py::TestComputeClassCounts::test_simple_counts PASSED [ 51%]
oc1/tests/task1_tests/test_splits.py::TestComputeClassCounts::test_single_class PASSED [ 52%]
oc1/tests/task1_tests/test_splits.py::TestComputeClassCounts::test_empty_array PASSED [ 53%]
oc1/tests/task1_tests/test_splits.py::TestComputeClassCounts::test_string_classes PASSED [ 53%]
oc1/tests/task1_tests/test_splits.py::TestComputeMinority::test_basic_minority PASSED [ 54%]
oc1/tests/task1_tests/test_splits.py::TestComputeMinority::test_two_classes PASSED [ 54%]
oc1/tests/task1_tests/test_splits.py::TestComputeMinority::test_pure_node PASSED [ 55%]
oc1/tests/task1_tests/test_splits.py::TestComputeMinority::test_empty_counts PASSED [ 55%]
oc1/tests/task1_tests/test_splits.py::TestComputeMinority::test_equal_counts PASSED [ 56%]
oc1/tests/task1_tests/test_splits.py::TestCalculateImpurity::test_perfect_split PASSED [ 57%]
oc1/tests/task1_tests/test_splits.py::TestCalculateImpurity::test_imperfect_split PASSED [ 57%]
oc1/tests/task1_tests/test_splits.py::TestCalculateImpurity::test_one_sided_split PASSED [ 58%]
oc1/tests/task1_tests/test_splits.py::TestCalculateImpurity::test_multiclass_impurity PASSED [ 58%]
oc1/tests/task1_tests/test_splits.py::TestCalculateImpurity::test_impurity_from_partition PASSED [ 59%]
oc1/tests/task1_tests/test_splits.py::TestEvaluateSplit::test_evaluate_with_sm PASSED [ 59%]
oc1/tests/task1_tests/test_splits.py::TestEvaluateSplit::test_evaluate_with_mm PASSED [ 60%]
oc1/tests/task1_tests/test_splits.py::TestEvaluateSplit::test_invalid_impurity_measure PASSED [ 61%]
oc1/tests/task1_tests/test_splits.py::TestFindBestThreshold::test_simple_threshold PASSED [ 61%]
oc1/tests/task1_tests/test_splits.py::TestFindBestThreshold::test_threshold_with_noise PASSED [ 62%]
oc1/tests/task1_tests/test_splits.py::TestFindBestThreshold::test_single_value PASSED [ 62%]
oc1/tests/task1_tests/test_splits.py::TestFindBestThreshold::test_all_same_values PASSED [ 63%]
oc1/tests/task1_tests/test_splits.py::TestFindBestThreshold::test_multiclass_threshold PASSED [ 63%]
oc1/tests/task1_tests/test_splits.py::TestIsPure::test_pure_single_class PASSED [ 64%]
oc1/tests/task1_tests/test_splits.py::TestIsPure::test_not_pure PASSED   [ 64%]
oc1/tests/task1_tests/test_splits.py::TestIsPure::test_empty_is_pure PASSED [ 65%]
oc1/tests/task1_tests/test_splits.py::TestGetMajorityClass::test_clear_majority PASSED [ 66%]
oc1/tests/task1_tests/test_splits.py::TestGetMajorityClass::test_tie_returns_first PASSED [ 66%]
oc1/tests/task1_tests/test_splits.py::TestGetMajorityClass::test_empty_returns_none PASSED [ 67%]
oc1/tests/task1_tests/test_task_compatibility.py::TestTask2RandomizationInterfaces::test_random_initialization_produces_varied_hyperplanes PASSED [ 67%]
oc1/tests/task1_tests/test_task_compatibility.py::TestTask2RandomizationInterfaces::test_n_restarts_parameter_available PASSED [ 68%]
oc1/tests/task1_tests/test_task_compatibility.py::TestTask2RandomizationInterfaces::test_n_restarts_improves_or_maintains_quality PASSED [ 68%]
oc1/tests/task1_tests/test_task_compatibility.py::TestTask2RandomizationInterfaces::test_perturb_random_direction_interface PASSED [ 69%]
oc1/tests/task1_tests/test_task_compatibility.py::TestTask2RandomizationInterfaces::test_hill_climb_accepts_perturbation_order PASSED [ 70%]
oc1/tests/task1_tests/test_task_compatibility.py::TestTask2RandomizationInterfaces::test_hill_climb_accepts_rng PASSED [ 70%]
oc1/tests/task1_tests/test_task_compatibility.py::TestTask2RandomizationInterfaces::test_find_best_hyperplane_random_perturbation_order PASSED [ 71%]
oc1/tests/task1_tests/test_task_compatibility.py::TestTask2RandomizationInterfaces::test_normalize_hyperplane_available PASSED [ 71%]
oc1/tests/task1_tests/test_task_compatibility.py::TestTask2RandomizationInterfaces::test_compute_u_values_available PASSED [ 72%]
oc1/tests/task1_tests/test_task_compatibility.py::TestTask3PruningInterfaces::test_node_has_parent_reference PASSED [ 72%]
oc1/tests/task1_tests/test_task_compatibility.py::TestTask3PruningInterfaces::test_deep_parent_references PASSED [ 73%]
oc1/tests/task1_tests/test_task_compatibility.py::TestTask3PruningInterfaces::test_prune_placeholder_exists PASSED [ 74%]
oc1/tests/task1_tests/test_task_compatibility.py::TestTask3PruningInterfaces::test_nodes_store_all_metadata PASSED [ 74%]
oc1/tests/task1_tests/test_task_compatibility.py::TestTask3PruningInterfaces::test_get_all_nodes_available PASSED [ 75%]
oc1/tests/task1_tests/test_task_compatibility.py::TestTask3PruningInterfaces::test_get_all_nodes_breadth_first_order PASSED [ 75%]
oc1/tests/task1_tests/test_task_compatibility.py::TestTask3PruningInterfaces::test_impurity_threshold_parameter PASSED [ 76%]
oc1/tests/task1_tests/test_task_compatibility.py::TestTask3PruningInterfaces::test_stopping_criteria_all_available PASSED [ 76%]
oc1/tests/task1_tests/test_task_compatibility.py::TestSplitFunctionsExported::test_evaluate_split_exported PASSED [ 77%]
oc1/tests/task1_tests/test_task_compatibility.py::TestSplitFunctionsExported::test_is_pure_exported PASSED [ 77%]
oc1/tests/task1_tests/test_task_compatibility.py::TestSplitFunctionsExported::test_get_majority_class_exported PASSED [ 78%]
oc1/tests/task1_tests/test_task_compatibility.py::TestAPIStability::test_fit_returns_self PASSED [ 79%]
oc1/tests/task1_tests/test_task_compatibility.py::TestAPIStability::test_all_public_methods_available PASSED [ 79%]
oc1/tests/task1_tests/test_task_compatibility.py::TestAPIStability::test_tree_stores_training_metadata PASSED [ 80%]
oc1/tests/task1_tests/test_task_compatibility.py::TestEdgeCasesForTask2And3::test_single_class_data PASSED [ 80%]
oc1/tests/task1_tests/test_task_compatibility.py::TestEdgeCasesForTask2And3::test_two_samples_different_classes PASSED [ 81%]
oc1/tests/task1_tests/test_task_compatibility.py::TestEdgeCasesForTask2And3::test_hyperplane_at_all_internal_nodes PASSED [ 81%]
oc1/tests/task1_tests/test_tree.py::TestTreeFitting::test_basic_fit PASSED [ 82%]
oc1/tests/task1_tests/test_tree.py::TestTreeFitting::test_fit_sets_classes PASSED [ 83%]
oc1/tests/task1_tests/test_tree.py::TestTreeFitting::test_fit_empty_data_error PASSED [ 83%]
oc1/tests/task1_tests/test_tree.py::TestTreeFitting::test_fit_dimension_mismatch_error PASSED [ 84%]
oc1/tests/task1_tests/test_tree.py::TestTreePrediction::test_basic_predict PASSED [ 84%]
oc1/tests/task1_tests/test_tree.py::TestTreePrediction::test_predict_before_fit_error PASSED [ 85%]
oc1/tests/task1_tests/test_tree.py::TestTreePrediction::test_predict_wrong_features_error PASSED [ 85%]
oc1/tests/task1_tests/test_tree.py::TestTreePrediction::test_predict_single_sample PASSED [ 86%]
oc1/tests/task1_tests/test_tree.py::TestTreeScore::test_score_linearly_separable PASSED [ 87%]
oc1/tests/task1_tests/test_tree.py::TestStoppingCriteria::test_stop_at_pure_node PASSED [ 87%]
oc1/tests/task1_tests/test_tree.py::TestStoppingCriteria::test_max_depth PASSED [ 88%]
oc1/tests/task1_tests/test_tree.py::TestStoppingCriteria::test_min_samples_leaf PASSED [ 88%]
oc1/tests/task1_tests/test_tree.py::TestStoppingCriteria::test_min_samples_split PASSED [ 89%]
oc1/tests/task1_tests/test_tree.py::TestTreeStructure::test_get_depth PASSED [ 89%]
oc1/tests/task1_tests/test_tree.py::TestTreeStructure::test_get_n_leaves PASSED [ 90%]
oc1/tests/task1_tests/test_tree.py::TestTreeStructure::test_get_n_nodes PASSED [ 90%]
oc1/tests/task1_tests/test_tree.py::TestTreeStructure::test_get_hyperplanes PASSED [ 91%]
oc1/tests/task1_tests/test_tree.py::TestMultiClassClassification::test_three_class PASSED [ 92%]
oc1/tests/task1_tests/test_tree.py::TestMultiClassClassification::test_five_class PASSED [ 92%]
oc1/tests/task1_tests/test_tree.py::TestPredictProba::test_predict_proba_shape PASSED [ 93%]
oc1/tests/task1_tests/test_tree.py::TestPredictProba::test_predict_proba_sums_to_one PASSED [ 93%]
oc1/tests/task1_tests/test_tree.py::TestImpurityMeasures::test_sum_minority PASSED [ 94%]
oc1/tests/task1_tests/test_tree.py::TestImpurityMeasures::test_max_minority PASSED [ 94%]
oc1/tests/task1_tests/test_tree.py::TestImpurityMeasures::test_invalid_impurity_error PASSED [ 95%]
oc1/tests/task1_tests/test_tree.py::TestPrintTree::test_print_tree PASSED [ 96%]
oc1/tests/task1_tests/test_tree.py::TestPrintTree::test_print_tree_with_feature_names PASSED [ 96%]
oc1/tests/task1_tests/test_tree.py::TestRepr::test_repr_unfitted PASSED  [ 97%]
oc1/tests/task1_tests/test_tree.py::TestRepr::test_repr_fitted PASSED    [ 97%]
oc1/tests/task1_tests/test_tree.py::TestReproducibility::test_random_state_reproducibility PASSED [ 98%]
oc1/tests/task1_tests/test_tree.py::TestSyntheticDatasets::test_diagonal_dataset PASSED [ 98%]
oc1/tests/task1_tests/test_tree.py::TestSyntheticDatasets::test_oblique_45_degree PASSED [ 99%]
oc1/tests/task1_tests/test_tree.py::TestSyntheticDatasets::test_xor_dataset PASSED [100%]

- generated xml file: C:\Users\rjili\Projects\Oblique-Classifier-1\oc1\tests\task1_tests\results\junit_report.xml -
============================= 177 passed in 3.00s =============================
